{
  "stats": {
    "suites": 1,
    "tests": 3,
    "passes": 3,
    "pending": 0,
    "failures": 0,
    "start": "2025-11-14T18:10:26.933Z",
    "end": "2025-11-14T18:10:31.514Z",
    "duration": 4581,
    "testsRegistered": 3,
    "passPercent": 100,
    "pendingPercent": 0,
    "other": 0,
    "hasOther": false,
    "skipped": 0,
    "hasSkipped": false
  },
  "results": [
    {
      "uuid": "8e20cb35-79c8-4a3f-9381-dace1d4c5ea8",
      "title": "",
      "fullFile": "cypress\\e2e\\registration1.cy.js",
      "file": "cypress\\e2e\\registration1.cy.js",
      "beforeHooks": [],
      "afterHooks": [],
      "tests": [],
      "suites": [
        {
          "uuid": "86a98752-d4e1-4f66-9b26-ec5cd22a88ca",
          "title": "Finmore - перевірка головноъ сторінки та регстрація ",
          "fullFile": "",
          "file": "",
          "beforeHooks": [],
          "afterHooks": [],
          "tests": [
            {
              "title": "Перевірка посилання та тайтлу",
              "fullTitle": "Finmore - перевірка головноъ сторінки та регстрація  Перевірка посилання та тайтлу",
              "timedOut": null,
              "duration": 359,
              "state": "passed",
              "speed": "fast",
              "pass": true,
              "fail": false,
              "pending": false,
              "context": null,
              "code": "registration.checkUrl();\nregistration.verifyTitle();",
              "err": {},
              "uuid": "44198332-76ff-4247-9af6-573b471335c7",
              "parentUUID": "86a98752-d4e1-4f66-9b26-ec5cd22a88ca",
              "isHook": false,
              "skipped": false
            },
            {
              "title": "Перевірка логіну",
              "fullTitle": "Finmore - перевірка головноъ сторінки та регстрація  Перевірка логіну",
              "timedOut": null,
              "duration": 300,
              "state": "passed",
              "speed": "fast",
              "pass": true,
              "fail": false,
              "pending": false,
              "context": null,
              "code": "registration.checkLogin();",
              "err": {},
              "uuid": "4c45d781-27df-4e81-9e08-ff4797f04fe3",
              "parentUUID": "86a98752-d4e1-4f66-9b26-ec5cd22a88ca",
              "isHook": false,
              "skipped": false
            },
            {
              "title": "Перевірка кнопки регістрації та реєстрації",
              "fullTitle": "Finmore - перевірка головноъ сторінки та регстрація  Перевірка кнопки регістрації та реєстрації",
              "timedOut": null,
              "duration": 1573,
              "state": "passed",
              "speed": "fast",
              "pass": true,
              "fail": false,
              "pending": false,
              "context": null,
              "code": "const userFullName = 'Олег Ляшко';\nconst userEmail = 'olega359@ukr.net';\nconst userPassword = 'tututu359!';\nregistration.checkRegister();\nregistration.checkFullname(userFullName);\nregistration.checkEmail(userEmail);\nregistration.checkPassword(userPassword);\nregistration.checkPassword2(userPassword);\n// registration.checkCurrency()",
              "err": {},
              "uuid": "9f1b989f-894f-4433-af64-3acb4a253aa9",
              "parentUUID": "86a98752-d4e1-4f66-9b26-ec5cd22a88ca",
              "isHook": false,
              "skipped": false
            }
          ],
          "suites": [],
          "passes": [
            "44198332-76ff-4247-9af6-573b471335c7",
            "4c45d781-27df-4e81-9e08-ff4797f04fe3",
            "9f1b989f-894f-4433-af64-3acb4a253aa9"
          ],
          "failures": [],
          "pending": [],
          "skipped": [],
          "duration": 2232,
          "root": false,
          "rootEmpty": false,
          "_timeout": 2000
        }
      ],
      "passes": [],
      "failures": [],
      "pending": [],
      "skipped": [],
      "duration": 0,
      "root": true,
      "rootEmpty": true,
      "_timeout": 2000
    }
  ],
  "meta": {
    "mocha": {
      "version": "7.2.0"
    },
    "mochawesome": {
      "options": {
        "quiet": false,
        "reportFilename": "mochawesome",
        "saveHtml": false,
        "saveJson": true,
        "consoleReporter": "spec",
        "useInlineDiffs": false,
        "code": true
      },
      "version": "7.1.4"
    },
    "marge": {
      "options": {
        "reportDir": "cypress/reports",
        "overwrite": false,
        "html": false,
        "json": true
      },
      "version": "6.3.2"
    }
  }
}