{
  "stats": {
    "suites": 1,
    "tests": 8,
    "passes": 8,
    "pending": 0,
    "failures": 0,
    "start": "2025-11-14T18:08:56.209Z",
    "end": "2025-11-14T18:09:56.750Z",
    "duration": 60541,
    "testsRegistered": 8,
    "passPercent": 100,
    "pendingPercent": 0,
    "other": 0,
    "hasOther": false,
    "skipped": 0,
    "hasSkipped": false
  },
  "results": [
    {
      "uuid": "46326863-d069-4b04-b4ee-d5985ff533be",
      "title": "",
      "fullFile": "cypress\\e2e\\homePage.cy.js",
      "file": "cypress\\e2e\\homePage.cy.js",
      "beforeHooks": [],
      "afterHooks": [],
      "tests": [],
      "suites": [
        {
          "uuid": "b88a13ec-ce8f-455a-a1db-4666a8620bb6",
          "title": "The Connected Shop - Перевірка відкриття сайту",
          "fullFile": "",
          "file": "",
          "beforeHooks": [],
          "afterHooks": [],
          "tests": [
            {
              "title": "Повинен відкрити головну сторінку і перевірити URL",
              "fullTitle": "The Connected Shop - Перевірка відкриття сайту Повинен відкрити головну сторінку і перевірити URL",
              "timedOut": null,
              "duration": 6451,
              "state": "passed",
              "speed": "medium",
              "pass": true,
              "fail": false,
              "pending": false,
              "context": null,
              "code": "cy.visit('https://theconnectedshop.com/');\ncy.url().should('eq', 'https://theconnectedshop.com/');\ncy.title().should('include', 'The Connected Shop - Smart Locks, Smart Sensors, Smart Home & Office');",
              "err": {},
              "uuid": "8f2cd2f8-ca77-4940-85b4-6bb4c9366ab9",
              "parentUUID": "b88a13ec-ce8f-455a-a1db-4666a8620bb6",
              "isHook": false,
              "skipped": false
            },
            {
              "title": "Перевірка логотипу",
              "fullTitle": "The Connected Shop - Перевірка відкриття сайту Перевірка логотипу",
              "timedOut": null,
              "duration": 8662,
              "state": "passed",
              "speed": "medium",
              "pass": true,
              "fail": false,
              "pending": false,
              "context": null,
              "code": "cy.visit('https://theconnectedshop.com/');\ncy.get('a.header__heading-link').should('be.visible').and('have.attr', 'href', '/').click();\ncy.url().should('eq', 'https://theconnectedshop.com/');\ncy.get('img.header__heading-logo').should('be.visible').and('have.attr', 'width', '180').and('have.attr', 'height', '90.0');",
              "err": {},
              "uuid": "4d7dbbeb-5f2b-447f-aed8-02beda52e4fc",
              "parentUUID": "b88a13ec-ce8f-455a-a1db-4666a8620bb6",
              "isHook": false,
              "skipped": false
            },
            {
              "title": "Перевірка корзини",
              "fullTitle": "The Connected Shop - Перевірка відкриття сайту Перевірка корзини",
              "timedOut": null,
              "duration": 8289,
              "state": "passed",
              "speed": "medium",
              "pass": true,
              "fail": false,
              "pending": false,
              "context": null,
              "code": "cy.visit('https://theconnectedshop.com/cart');\ncy.get('a.header__icon--cart').should('be.visible').and('have.attr', 'href', '/cart').click();\ncy.url().should('eq', 'https://theconnectedshop.com/cart');\ncy.get('svg.icon-cart').should('be.visible').and('have.attr', 'width', '24').and('have.attr', 'height', '24');",
              "err": {},
              "uuid": "23e3a208-11b3-4f83-b341-d23b6aa817fd",
              "parentUUID": "b88a13ec-ce8f-455a-a1db-4666a8620bb6",
              "isHook": false,
              "skipped": false
            },
            {
              "title": "Перевірка аккаунту",
              "fullTitle": "The Connected Shop - Перевірка відкриття сайту Перевірка аккаунту",
              "timedOut": null,
              "duration": 3694,
              "state": "passed",
              "speed": "fast",
              "pass": true,
              "fail": false,
              "pending": false,
              "context": null,
              "code": "cy.visit('https://theconnectedshop.com/');\ncy.get('div.header__icons>a.header__icon--account').should('be.visible').and('have.attr', 'href', 'https://theconnectedshop.com/customer_authentication/redirect?locale=en&region_country=US');\ncy.get('div.header__icons>a.header__icon--account>svg.icon-account').should('be.visible').and('have.attr', 'width', '24').and('have.attr', 'height', '24');",
              "err": {},
              "uuid": "23b64c02-57a3-4ee4-acae-61beb9e41ede",
              "parentUUID": "b88a13ec-ce8f-455a-a1db-4666a8620bb6",
              "isHook": false,
              "skipped": false
            },
            {
              "title": "Перевірка номера",
              "fullTitle": "The Connected Shop - Перевірка відкриття сайту Перевірка номера",
              "timedOut": null,
              "duration": 3838,
              "state": "passed",
              "speed": "fast",
              "pass": true,
              "fail": false,
              "pending": false,
              "context": null,
              "code": "cy.visit('https://theconnectedshop.com/');\ncy.get('div.header__icons > a.header__customer-support-region').should('be.visible').and('have.attr', 'href', 'tel:(305) 330-3424');\ncy.get('div.header__icons > a.header__customer-support-region > svg.icon-support-region').should('be.visible').and('have.attr', 'width', '24').and('have.attr', 'height', '24').and('have.attr', 'fill', 'none');\ncy.get('div.header__icons > a.header__customer-support-region > span > span').should('be.visible').and('contain', '(305) 330-3424');",
              "err": {},
              "uuid": "031498bd-0357-4f5b-9e54-41a1c45eea08",
              "parentUUID": "b88a13ec-ce8f-455a-a1db-4666a8620bb6",
              "isHook": false,
              "skipped": false
            },
            {
              "title": "Перевірка пошуку",
              "fullTitle": "The Connected Shop - Перевірка відкриття сайту Перевірка пошуку",
              "timedOut": null,
              "duration": 4306,
              "state": "passed",
              "speed": "fast",
              "pass": true,
              "fail": false,
              "pending": false,
              "context": null,
              "code": "cy.visit('https://theconnectedshop.com/');\ncy.get('form.search--header').should('exist').and('be.visible');\ncy.get('input#Search-In-Inline').should('have.attr', 'placeholder', 'Search');",
              "err": {},
              "uuid": "ee2c2ea1-dd04-4ffb-b1aa-934b733d4206",
              "parentUUID": "b88a13ec-ce8f-455a-a1db-4666a8620bb6",
              "isHook": false,
              "skipped": false
            },
            {
              "title": "Пошук товара з результатом",
              "fullTitle": "The Connected Shop - Перевірка відкриття сайту Пошук товара з результатом",
              "timedOut": null,
              "duration": 11395,
              "state": "passed",
              "speed": "slow",
              "pass": true,
              "fail": false,
              "pending": false,
              "context": null,
              "code": "const searchText = 'laptop';\ncy.visit('https://theconnectedshop.com/');\ncy.get('input#Search-In-Inline').should('be.enabled').type(searchText).should('have.value', searchText);\ncy.get('a.predictive-search__header').click();\ncy.url().should('include', `/search?q=${searchText}`);\ncy.get('span#ProductCount').should('be.visible').and('contain', 'result');",
              "err": {},
              "uuid": "8a1ab798-d819-4128-b13a-50d834607cb6",
              "parentUUID": "b88a13ec-ce8f-455a-a1db-4666a8620bb6",
              "isHook": false,
              "skipped": false
            },
            {
              "title": "Пошук без результату",
              "fullTitle": "The Connected Shop - Перевірка відкриття сайту Пошук без результату",
              "timedOut": null,
              "duration": 9557,
              "state": "passed",
              "speed": "medium",
              "pass": true,
              "fail": false,
              "pending": false,
              "context": null,
              "code": "const searchText = 'banana';\ncy.visit('https://theconnectedshop.com/');\ncy.get('input#Search-In-Inline').type(searchText).should('have.value', searchText);\ncy.get('a.predictive-search__header').click();\ncy.url().should('include', `/search?q=${searchText}`);\ncy.get('p.alert--warning').should('be.visible').and('contain', `No results found for “${searchText}”.`);",
              "err": {},
              "uuid": "52536f10-f9ae-42a4-8c03-566269da89f6",
              "parentUUID": "b88a13ec-ce8f-455a-a1db-4666a8620bb6",
              "isHook": false,
              "skipped": false
            }
          ],
          "suites": [],
          "passes": [
            "8f2cd2f8-ca77-4940-85b4-6bb4c9366ab9",
            "4d7dbbeb-5f2b-447f-aed8-02beda52e4fc",
            "23e3a208-11b3-4f83-b341-d23b6aa817fd",
            "23b64c02-57a3-4ee4-acae-61beb9e41ede",
            "031498bd-0357-4f5b-9e54-41a1c45eea08",
            "ee2c2ea1-dd04-4ffb-b1aa-934b733d4206",
            "8a1ab798-d819-4128-b13a-50d834607cb6",
            "52536f10-f9ae-42a4-8c03-566269da89f6"
          ],
          "failures": [],
          "pending": [],
          "skipped": [],
          "duration": 56192,
          "root": false,
          "rootEmpty": false,
          "_timeout": 2000
        }
      ],
      "passes": [],
      "failures": [],
      "pending": [],
      "skipped": [],
      "duration": 0,
      "root": true,
      "rootEmpty": true,
      "_timeout": 2000
    }
  ],
  "meta": {
    "mocha": {
      "version": "7.2.0"
    },
    "mochawesome": {
      "options": {
        "quiet": false,
        "reportFilename": "mochawesome",
        "saveHtml": false,
        "saveJson": true,
        "consoleReporter": "spec",
        "useInlineDiffs": false,
        "code": true
      },
      "version": "7.1.4"
    },
    "marge": {
      "options": {
        "reportDir": "cypress/reports",
        "overwrite": false,
        "html": false,
        "json": true
      },
      "version": "6.3.2"
    }
  }
}