{
  "stats": {
    "suites": 1,
    "tests": 2,
    "passes": 2,
    "pending": 0,
    "failures": 0,
    "start": "2025-11-14T18:08:26.104Z",
    "end": "2025-11-14T18:08:53.867Z",
    "duration": 27763,
    "testsRegistered": 2,
    "passPercent": 100,
    "pendingPercent": 0,
    "other": 0,
    "hasOther": false,
    "skipped": 0,
    "hasSkipped": false
  },
  "results": [
    {
      "uuid": "98da1fd7-dbaf-4ce4-9165-3be71d1ca798",
      "title": "",
      "fullFile": "cypress\\e2e\\Search.cy.js",
      "file": "cypress\\e2e\\Search.cy.js",
      "beforeHooks": [],
      "afterHooks": [],
      "tests": [],
      "suites": [
        {
          "uuid": "90e8af77-7035-4250-b5fe-11896140607e",
          "title": "Перевірка пошуку",
          "fullFile": "",
          "file": "",
          "beforeHooks": [],
          "afterHooks": [],
          "tests": [
            {
              "title": "Перевірка пошуку-існуючого товару",
              "fullTitle": "Перевірка пошуку Перевірка пошуку-існуючого товару",
              "timedOut": null,
              "duration": 15308,
              "state": "passed",
              "speed": "slow",
              "pass": true,
              "fail": false,
              "pending": false,
              "context": null,
              "code": "const searchText = 'Laser Keyboard';\nsearch.searchProduct(searchText);\nsearch.verifySearchResult(searchText);\nsearch.verifyExactResult(searchText);",
              "err": {},
              "uuid": "1e577f13-693b-4c62-bfed-38f19d30396d",
              "parentUUID": "90e8af77-7035-4250-b5fe-11896140607e",
              "isHook": false,
              "skipped": false
            },
            {
              "title": "Перевірка пошуку - неіснуючий товар",
              "fullTitle": "Перевірка пошуку Перевірка пошуку - неіснуючий товар",
              "timedOut": null,
              "duration": 7873,
              "state": "passed",
              "speed": "medium",
              "pass": true,
              "fail": false,
              "pending": false,
              "context": null,
              "code": "const searchText = 'banana';\nsearch.searchProduct(searchText);\nsearch.verifyNoSearchResult(searchText);",
              "err": {},
              "uuid": "7c57e2ff-852c-4f7f-ab06-d1f22d5947bf",
              "parentUUID": "90e8af77-7035-4250-b5fe-11896140607e",
              "isHook": false,
              "skipped": false
            }
          ],
          "suites": [],
          "passes": [
            "1e577f13-693b-4c62-bfed-38f19d30396d",
            "7c57e2ff-852c-4f7f-ab06-d1f22d5947bf"
          ],
          "failures": [],
          "pending": [],
          "skipped": [],
          "duration": 23181,
          "root": false,
          "rootEmpty": false,
          "_timeout": 2000
        }
      ],
      "passes": [],
      "failures": [],
      "pending": [],
      "skipped": [],
      "duration": 0,
      "root": true,
      "rootEmpty": true,
      "_timeout": 2000
    }
  ],
  "meta": {
    "mocha": {
      "version": "7.2.0"
    },
    "mochawesome": {
      "options": {
        "quiet": false,
        "reportFilename": "mochawesome",
        "saveHtml": false,
        "saveJson": true,
        "consoleReporter": "spec",
        "useInlineDiffs": false,
        "code": true
      },
      "version": "7.1.4"
    },
    "marge": {
      "options": {
        "reportDir": "cypress/reports",
        "overwrite": false,
        "html": false,
        "json": true
      },
      "version": "6.3.2"
    }
  }
}